<?xml version="1.0" encoding="UTF-8"?>
<!-- Generated by org.testng.reporters.JUnitXMLReporter -->
<testsuite ignored="7" hostname="DESKTOP-QGGKMP6" failures="0" tests="2" name="Regression" time="0.142" errors="0" timestamp="2025-12-13T14:26:38 IST">
  <testcase classname="Tests.HLoan" name="TestCase7" time="0.028"/>
  <testcase classname="Tests.LoginPage" name="TestCase4" time="0.004"/>
  <testcase classname="Tests.Loan" name="TestCase1" time="0.0">
    <ignored/>
  </testcase> <!-- TestCase1 -->
  <testcase classname="Tests.LoginPage" name="TestCase6" time="0.0">
    <ignored/>
  </testcase> <!-- TestCase6 -->
  <testcase classname="Tests.HLoan" name="TestCase9" time="0.0">
    <ignored/>
  </testcase> <!-- TestCase9 -->
  <testcase classname="Tests.LoginPage" name="TestCase5" time="0.0">
    <ignored/>
  </testcase> <!-- TestCase5 -->
  <testcase classname="Tests.HLoan" name="TestCase8" time="0.0">
    <ignored/>
  </testcase> <!-- TestCase8 -->
  <testcase classname="Tests.PLoan" name="TestCase3" time="0.0">
    <ignored/>
  </testcase> <!-- TestCase3 -->
  <testcase classname="Tests.Loan" name="TestCase2" time="0.0">
    <ignored/>
  </testcase> <!-- TestCase2 -->
</testsuite> <!-- Regression -->
