<?xml version="1.0" encoding="UTF-8"?>
<!-- Generated by org.testng.reporters.JUnitXMLReporter -->
<testsuite ignored="0" hostname="DESKTOP-QGGKMP6" failures="0" tests="5" name="Default test" time="0.111" errors="0" timestamp="2025-12-14T15:29:09 IST">
  <testcase classname="Tests.HLoan" name="TestCase7" time="0.009"/>
  <testcase classname="Tests.HLoan" name="TestCase8" time="0.004"/>
  <testcase classname="Tests.HLoan" name="TestCase8" time="0.002"/>
  <testcase classname="Tests.HLoan" name="TestCase8" time="0.002"/>
  <testcase classname="Tests.HLoan" name="TestCase9" time="0.003"/>
</testsuite> <!-- Default test -->
