<?xml version="1.0" encoding="UTF-8"?>
<!-- Generated by org.testng.reporters.JUnitXMLReporter -->
<testsuite ignored="1" hostname="DESKTOP-QGGKMP6" failures="0" tests="4" name="Personal Loan" time="0.125" errors="0" timestamp="2025-12-14T15:55:27 IST">
  <testcase classname="Tests.Loan" name="TestCase1" time="0.012"/>
  <testcase classname="Tests.LoginPage" name="TestCase4" time="0.002"/>
  <testcase classname="Tests.LoginPage" name="TestCase5" time="0.003"/>
  <testcase classname="Tests.LoginPage" name="TestCase6" time="0.008"/>
  <testcase classname="Tests.Loan" name="TestCase2" time="0.0">
    <ignored/>
  </testcase> <!-- TestCase2 -->
</testsuite> <!-- Personal Loan -->
