<?xml version="1.0" encoding="UTF-8"?>
<!-- Generated by org.testng.reporters.JUnitReportReporter -->
<testsuite hostname="DESKTOP-QGGKMP6" failures="0" tests="3" name="Tests.LoginPage" time="0.015" errors="0" timestamp="2025-12-14T15:55:28 IST" skipped="0">
  <testcase classname="Tests.LoginPage" name="TestCase4" time="0.003"/>
  <testcase classname="Tests.LoginPage" name="TestCase6" time="0.009"/>
  <testcase classname="Tests.LoginPage" name="TestCase5" time="0.003"/>
</testsuite> <!-- Tests.LoginPage -->
