<?xml version="1.0" encoding="UTF-8"?>
<!-- Generated by org.testng.reporters.JUnitReportReporter -->
<testsuite hostname="DESKTOP-QGGKMP6" failures="0" tests="4" name="Tests.HLoan" time="0.020" errors="0" timestamp="2025-12-14T15:55:28 IST" skipped="0">
  <testcase classname="Tests.HLoan" name="TestCase8" time="0.007"/>
  <testcase classname="Tests.HLoan" name="TestCase8" time="0.003"/>
  <testcase classname="Tests.HLoan" name="TestCase7" time="0.003"/>
  <testcase classname="Tests.HLoan" name="TestCase8" time="0.007"/>
</testsuite> <!-- Tests.HLoan -->
